# JRE version: OpenJDK Runtime Environment (8.0_212-b04) (build 1.8.0_212-release-1586-b04)
# Java VM: OpenJDK 64-Bit Server VM (25.212-b04 mixed mode windows-amd64 compressed oops)
Heap:
 PSYoungGen      total 469504K, used 445311K [0x00000000e0000000, 0x00000000ffe80000, 0x0000000100000000)
  eden space 416256K, 100% used [0x00000000e0000000,0x00000000f9680000,0x00000000f9680000)
  from space 53248K, 54% used [0x00000000fca80000,0x00000000fe6dff68,0x00000000ffe80000)
  to   space 53248K, 0% used [0x00000000f9680000,0x00000000f96a0000,0x00000000fca80000)
 ParOldGen       total 390656K, used 232343K [0x00000000a0000000, 0x00000000b7d80000, 0x00000000e0000000)
  object space 390656K, 59% used [0x00000000a0000000,0x00000000ae2e5ee0,0x00000000b7d80000)
 Metaspace       used 116193K, capacity 121106K, committed 121368K, reserved 1155072K
  class space    used 14661K, capacity 15859K, committed 15912K, reserved 1048576K
GC Heap History (10 events):
Event: 562.666 GC heap before
{Heap before GC invocations=38 (full 4):
 PSYoungGen      total 464896K, used 434544K [0x00000000e0000000, 0x00000000fff00000, 0x0000000100000000)
  eden space 405504K, 100% used [0x00000000e0000000,0x00000000f8c00000,0x00000000f8c00000)
  from space 59392K, 48% used [0x00000000f8c00000,0x00000000fa85c0c0,0x00000000fc600000)
  to   space 57344K, 0% used [0x00000000fc700000,0x00000000fc700000,0x00000000fff00000)
 ParOldGen       total 390656K, used 180471K [0x00000000a0000000, 0x00000000b7d80000, 0x00000000e0000000)
  object space 390656K, 46% used [0x00000000a0000000,0x00000000ab03dc90,0x00000000b7d80000)
 Metaspace       used 115674K, capacity 120532K, committed 120728K, reserved 1155072K
  class space    used 14615K, capacity 15772K, committed 15784K, reserved 1048576K
Event: 562.716 GC heap after
Heap after GC invocations=38 (full 4):
 PSYoungGen      total 463872K, used 7552K [0x00000000e0000000, 0x00000000ffe00000, 0x0000000100000000)
  eden space 407552K, 0% used [0x00000000e0000000,0x00000000e0000000,0x00000000f8e00000)
  from space 56320K, 13% used [0x00000000fc700000,0x00000000fce60020,0x00000000ffe00000)
  to   space 57344K, 0% used [0x00000000f8e00000,0x00000000f8e00000,0x00000000fc600000)
 ParOldGen       total 390656K, used 204029K [0x00000000a0000000, 0x00000000b7d80000, 0x00000000e0000000)
  object space 390656K, 52% used [0x00000000a0000000,0x00000000ac73f798,0x00000000b7d80000)
 Metaspace       used 115674K, capacity 120532K, committed 120728K, reserved 1155072K
  class space    used 14615K, capacity 15772K, committed 15784K, reserved 1048576K
}
Event: 563.579 GC heap before
{Heap before GC invocations=39 (full 4):
 PSYoungGen      total 463872K, used 415104K [0x00000000e0000000, 0x00000000ffe00000, 0x0000000100000000)
  eden space 407552K, 100% used [0x00000000e0000000,0x00000000f8e00000,0x00000000f8e00000)
  from space 56320K, 13% used [0x00000000fc700000,0x00000000fce60020,0x00000000ffe00000)
  to   space 57344K, 0% used [0x00000000f8e00000,0x00000000f8e00000,0x00000000fc600000)
 ParOldGen       total 390656K, used 204029K [0x00000000a0000000, 0x00000000b7d80000, 0x00000000e0000000)
  object space 390656K, 52% used [0x00000000a0000000,0x00000000ac73f798,0x00000000b7d80000)
 Metaspace       used 115924K, capacity 120882K, committed 121112K, reserved 1155072K
  class space    used 14658K, capacity 15857K, committed 15912K, reserved 1048576K
Event: 563.619 GC heap after
Heap after GC invocations=39 (full 4):
 PSYoungGen      total 464896K, used 9631K [0x00000000e0000000, 0x00000000fff00000, 0x0000000100000000)
  eden space 407552K, 0% used [0x00000000e0000000,0x00000000e0000000,0x00000000f8e00000)
  from space 57344K, 16% used [0x00000000f8e00000,0x00000000f9767e90,0x00000000fc600000)
  to   space 56320K, 0% used [0x00000000fc800000,0x00000000fc800000,0x00000000fff00000)
 ParOldGen       total 390656K, used 210733K [0x00000000a0000000, 0x00000000b7d80000, 0x00000000e0000000)
  object space 390656K, 53% used [0x00000000a0000000,0x00000000acdcb6e0,0x00000000b7d80000)
 Metaspace       used 115924K, capacity 120882K, committed 121112K, reserved 1155072K
  class space    used 14658K, capacity 15857K, committed 15912K, reserved 1048576K
}
Event: 564.278 GC heap before
{Heap before GC invocations=40 (full 4):
 PSYoungGen      total 464896K, used 417183K [0x00000000e0000000, 0x00000000fff00000, 0x0000000100000000)
  eden space 407552K, 100% used [0x00000000e0000000,0x00000000f8e00000,0x00000000f8e00000)
  from space 57344K, 16% used [0x00000000f8e00000,0x00000000f9767e90,0x00000000fc600000)
  to   space 56320K, 0% used [0x00000000fc800000,0x00000000fc800000,0x00000000fff00000)
 ParOldGen       total 390656K, used 210753K [0x00000000a0000000, 0x00000000b7d80000, 0x00000000e0000000)
  object space 390656K, 53% used [0x00000000a0000000,0x00000000acdd05a0,0x00000000b7d80000)
 Metaspace       used 116057K, capacity 121022K, committed 121112K, reserved 1155072K
  class space    used 14659K, capacity 15859K, committed 15912K, reserved 1048576K
Event: 564.788 GC heap after
Heap after GC invocations=40 (full 4):
 PSYoungGen      total 463872K, used 11743K [0x00000000e0000000, 0x00000000ffc00000, 0x0000000100000000)
  eden space 410624K, 0% used [0x00000000e0000000,0x00000000e0000000,0x00000000f9100000)
  from space 53248K, 22% used [0x00000000fc800000,0x00000000fd377e40,0x00000000ffc00000)
  to   space 54784K, 0% used [0x00000000f9100000,0x00000000f9100000,0x00000000fc680000)
 ParOldGen       total 390656K, used 218792K [0x00000000a0000000, 0x00000000b7d80000, 0x00000000e0000000)
  object space 390656K, 56% used [0x00000000a0000000,0x00000000ad5aa198,0x00000000b7d80000)
 Metaspace       used 116057K, capacity 121022K, committed 121112K, reserved 1155072K
  class space    used 14659K, capacity 15859K, committed 15912K, reserved 1048576K
}
Event: 565.266 GC heap before
{Heap before GC invocations=41 (full 4):
 PSYoungGen      total 463872K, used 422367K [0x00000000e0000000, 0x00000000ffc00000, 0x0000000100000000)
  eden space 410624K, 100% used [0x00000000e0000000,0x00000000f9100000,0x00000000f9100000)
  from space 53248K, 22% used [0x00000000fc800000,0x00000000fd377e40,0x00000000ffc00000)
  to   space 54784K, 0% used [0x00000000f9100000,0x00000000f9100000,0x00000000fc680000)
 ParOldGen       total 390656K, used 218794K [0x00000000a0000000, 0x00000000b7d80000, 0x00000000e0000000)
  object space 390656K, 56% used [0x00000000a0000000,0x00000000ad5aa9f0,0x00000000b7d80000)
 Metaspace       used 116155K, capacity 121098K, committed 121368K, reserved 1155072K
  class space    used 14659K, capacity 15859K, committed 15912K, reserved 1048576K
Event: 565.284 GC heap after
Heap after GC invocations=41 (full 4):
 PSYoungGen      total 465408K, used 10052K [0x00000000e0000000, 0x00000000ffe80000, 0x0000000100000000)
  eden space 410624K, 0% used [0x00000000e0000000,0x00000000e0000000,0x00000000f9100000)
  from space 54784K, 18% used [0x00000000f9100000,0x00000000f9ad1000,0x00000000fc680000)
  to   space 53248K, 0% used [0x00000000fca80000,0x00000000fca80000,0x00000000ffe80000)
 ParOldGen       total 390656K, used 226630K [0x00000000a0000000, 0x00000000b7d80000, 0x00000000e0000000)
  object space 390656K, 58% used [0x00000000a0000000,0x00000000add51978,0x00000000b7d80000)
 Metaspace       used 116155K, capacity 121098K, committed 121368K, reserved 1155072K
  class space    used 14659K, capacity 15859K, committed 15912K, reserved 1048576K
}
Event: 565.984 GC heap before
{Heap before GC invocations=42 (full 4):
 PSYoungGen      total 465408K, used 420676K [0x00000000e0000000, 0x00000000ffe80000, 0x0000000100000000)
  eden space 410624K, 100% used [0x00000000e0000000,0x00000000f9100000,0x00000000f9100000)
  from space 54784K, 18% used [0x00000000f9100000,0x00000000f9ad1000,0x00000000fc680000)
  to   space 53248K, 0% used [0x00000000fca80000,0x00000000fca80000,0x00000000ffe80000)
 ParOldGen       total 390656K, used 226630K [0x00000000a0000000, 0x00000000b7d80000, 0x00000000e0000000)
  object space 390656K, 58% used [0x00000000a0000000,0x00000000add51978,0x00000000b7d80000)
 Metaspace       used 116173K, capacity 121098K, committed 121368K, reserved 1155072K
  class space    used 14660K, capacity 15859K, committed 15912K, reserved 1048576K
Event: 566.028 GC heap after
Heap after GC invocations=42 (full 4):
 PSYoungGen      total 469504K, used 29055K [0x00000000e0000000, 0x00000000ffe80000, 0x0000000100000000)
  eden space 416256K, 0% used [0x00000000e0000000,0x00000000e0000000,0x00000000f9680000)
  from space 53248K, 54% used [0x00000000fca80000,0x00000000fe6dff68,0x00000000ffe80000)
  to   space 53248K, 0% used [0x00000000f9680000,0x00000000f9680000,0x00000000fca80000)
 ParOldGen       total 390656K, used 231977K [0x00000000a0000000, 0x00000000b7d80000, 0x00000000e0000000)
  object space 390656K, 59% used [0x00000000a0000000,0x00000000ae28a4c0,0x00000000b7d80000)
 Metaspace       used 116173K, capacity 121098K, committed 121368K, reserved 1155072K
  class space    used 14660K, capacity 15859K, committed 15912K, reserved 1048576K
}

